<?xml version="1.0" encoding="UTF-8"?>
<!-- Generated by org.testng.reporters.JUnitReportReporter -->
<testsuite hostname="Araj-pc" name="DemoJenkins.JenkinsDemo" tests="1" failures="0" timestamp="10 Mar 2016 05:31:42 GMT" time="0.006" errors="0">
  <testcase name="SampleTest" time="0.006" classname="DemoJenkins.JenkinsDemo"/>
</testsuite> <!-- DemoJenkins.JenkinsDemo -->
